<?xml version="1.0" encoding="UTF-8"?>
<!-- Generated by org.testng.reporters.JUnitReportReporter -->
<testsuite hostname="KoS-PC" failures="0" tests="1" name="com.telesens.rozetka.bdd.RozetkasortTests" time="0.195" errors="0" timestamp="2019-09-30T19:05:26 EEST" skipped="1">
  <testcase classname="com.telesens.rozetka.bdd.RozetkasortTests" name="testProductSorting" time="0.195">
    <skipped/>
  </testcase> <!-- testProductSorting -->
</testsuite> <!-- com.telesens.rozetka.bdd.RozetkasortTests -->
